# Logfile created on 2015-11-20 17:10:32 +0000 by logger.rb/1.2.8
[0;31;49m[Important] YUICompressor requires java to be installed. The JAVA_HOME variable should also be set.
[0m
[0;97;49mStarted GET "/" at 2015-11-23 14:21:33 +0000[0m
Detecting locale EN
Found page "Home page" [index]
  Rendered liquid page template
[0;32;49mCompleted 200 OK in 2.1ms

[0m
* Reloaded "site", "content_types", "pages", "snippets", "content_entries", "translations" at 2015-11-23 14:38:28 +0000
* Reloaded "site", "content_types", "pages", "snippets", "content_entries", "translations" at 2015-11-23 14:41:20 +0000
* Reloaded "site", "content_types", "pages", "snippets", "content_entries", "translations" at 2015-11-23 14:42:45 +0000
* Reloaded "pages", "snippets" at 2015-11-23 14:46:12 +0000
[0;97;49mStarted GET "/" at 2015-11-23 14:46:23 +0000[0m
Detecting locale EN
Found page "Home" [index]
  Rendered liquid page template
[0;32;49mCompleted 200 OK in 1.4ms

[0m
[0;97;49mStarted GET "/" at 2015-11-23 14:46:25 +0000[0m
Detecting locale EN
Found page "Home" [index]
  Rendered liquid page template
[0;32;49mCompleted 200 OK in 1.0ms

[0m
[0;97;49mStarted GET "/" at 2015-11-23 14:46:28 +0000[0m
Detecting locale EN
Found page "Home" [index]
  Rendered liquid page template
[0;32;49mCompleted 200 OK in 1.1ms

[0m
* Reloaded "pages", "snippets" at 2015-11-23 15:09:41 +0000
[0;97;49mStarted GET "/" at 2015-11-23 15:09:45 +0000[0m
Detecting locale EN
Found page "Home" [index]
  Rendered liquid page template
[0;32;49mCompleted 200 OK in 1.9ms

[0m
[0;97;49mStarted GET "/" at 2015-11-23 15:10:37 +0000[0m
Detecting locale EN
Found page "Home" [index]
  Rendered liquid page template
[0;32;49mCompleted 200 OK in 1.5ms

[0m
[0;97;49mStarted GET "/" at 2015-11-23 15:13:04 +0000[0m
Detecting locale EN
Found page "Home" [index]
  Rendered liquid page template
[0;32;49mCompleted 200 OK in 1.4ms

[0m
* Reloaded "pages", "snippets" at 2015-11-23 15:20:53 +0000
* Reloaded "pages", "snippets" at 2015-11-23 15:22:56 +0000
[0;97;49mStarted GET "/" at 2015-11-23 15:24:01 +0000[0m
Detecting locale EN
Found page "Home" [index]
  Rendered liquid page template
[0;32;49mCompleted 200 OK in 1.6ms

[0m
[0;97;49mStarted GET "/about" at 2015-11-23 15:24:09 +0000[0m
Detecting locale EN
Found page "About" [about]
  Rendered liquid page template
[0;32;49mCompleted 200 OK in 2.5ms

[0m
* Reloaded "pages", "snippets" at 2015-11-23 15:25:22 +0000
[0;97;49mStarted GET "/about" at 2015-11-23 15:25:35 +0000[0m
Detecting locale EN
Found page "About" [about]
  Rendered liquid page template
[0;32;49mCompleted 200 OK in 2.2ms

[0m
[0;97;49mStarted GET "/" at 2015-11-23 15:25:38 +0000[0m
Detecting locale EN
Found page "Home" [index]
  Rendered liquid page template
[0;32;49mCompleted 200 OK in 1.9ms

[0m
* Reloaded "pages", "snippets" at 2015-11-23 15:26:45 +0000
[0;97;49mStarted GET "/about" at 2015-11-23 15:26:48 +0000[0m
Detecting locale EN
Found page "About" [about]
  Rendered liquid page template
[0;32;49mCompleted 200 OK in 2.3ms

[0m
* Reloaded "pages", "snippets" at 2015-11-23 15:30:14 +0000
[0;97;49mStarted GET "/about" at 2015-11-23 15:30:20 +0000[0m
Detecting locale EN
Found page "About" [about]
  Rendered liquid page template
[0;32;49mCompleted 200 OK in 2.2ms

[0m
[0;97;49mStarted GET "/" at 2015-11-23 15:30:26 +0000[0m
Detecting locale EN
Found page "Home" [index]
  Rendered liquid page template
[0;32;49mCompleted 200 OK in 1.8ms

[0m
[0;97;49mStarted GET "/about" at 2015-11-23 15:30:28 +0000[0m
Detecting locale EN
Found page "About" [about]
  Rendered liquid page template
[0;32;49mCompleted 200 OK in 1.9ms

[0m
[0;97;49mStarted GET "/" at 2015-11-23 15:30:39 +0000[0m
Detecting locale EN
Found page "Home" [index]
  Rendered liquid page template
[0;32;49mCompleted 200 OK in 2.0ms

[0m
[0;97;49mStarted GET "/ll" at 2015-11-23 15:31:32 +0000[0m
Detecting locale EN
[0;32;49mCompleted 404 Not Found in 3.0ms

[0m
* Reloaded "pages", "snippets" at 2015-11-23 15:32:38 +0000
[0;97;49mStarted GET "/ll" at 2015-11-23 15:32:40 +0000[0m
Detecting locale EN
[0;32;49mCompleted 404 Not Found in 2.2ms

[0m
[0;97;49mStarted GET "/about" at 2015-11-23 15:32:46 +0000[0m
Detecting locale EN
Found page "About" [about]
  Rendered liquid page template
[0;32;49mCompleted 200 OK in 2.4ms

[0m
* Reloaded "pages", "snippets" at 2015-11-23 15:35:38 +0000
[0;97;49mStarted GET "/about" at 2015-11-23 15:35:41 +0000[0m
Detecting locale EN
Found page "About" [about]
  Rendered liquid page template
[0;32;49mCompleted 200 OK in 2.2ms

[0m
[0;97;49mStarted GET "/about" at 2015-11-23 15:37:07 +0000[0m
Detecting locale EN
Found page "About" [about]
  Rendered liquid page template
[0;32;49mCompleted 200 OK in 2.3ms

[0m
* Reloaded "pages", "snippets" at 2015-11-23 15:38:12 +0000
[0;97;49mStarted GET "/about" at 2015-11-23 15:38:14 +0000[0m
Detecting locale EN
Found page "About" [about]
  Rendered liquid page template
[0;32;49mCompleted 200 OK in 100.5ms

[0m
* Reloaded "pages", "snippets" at 2015-11-23 15:40:40 +0000
* Reloaded "pages", "snippets" at 2015-11-23 15:40:50 +0000
* Reloaded "pages", "snippets" at 2015-11-23 15:43:21 +0000
[0;97;49mStarted GET "/about" at 2015-11-23 15:43:27 +0000[0m
Detecting locale EN
Found page "About" [about]
  Rendered liquid page template
[0;32;49mCompleted 200 OK in 2.9ms

[0m
* Reloaded "pages", "snippets" at 2015-11-23 15:45:46 +0000
[0;97;49mStarted GET "/about" at 2015-11-23 15:45:50 +0000[0m
Detecting locale EN
Found page "About" [about]
  Rendered liquid page template
[0;32;49mCompleted 200 OK in 3.9ms

[0m
[0;97;49mStarted GET "/about" at 2015-11-23 15:47:07 +0000[0m
Detecting locale EN
Found page "About" [about]
  Rendered liquid page template
[0;32;49mCompleted 200 OK in 3.2ms

[0m
[0;97;49mStarted GET "/about" at 2015-11-23 15:47:12 +0000[0m
Detecting locale EN
Found page "About" [about]
  Rendered liquid page template
[0;32;49mCompleted 200 OK in 3.1ms

[0m
* Reloaded "pages", "snippets" at 2015-11-23 15:48:00 +0000
[0;97;49mStarted GET "/about" at 2015-11-23 15:48:02 +0000[0m
Detecting locale EN
Found page "About" [about]
  Rendered liquid page template
[0;32;49mCompleted 200 OK in 2.8ms

[0m
[0;97;49mStarted GET "/about" at 2015-11-23 15:49:11 +0000[0m
Detecting locale EN
Found page "About" [about]
  Rendered liquid page template
[0;32;49mCompleted 200 OK in 2.8ms

[0m
